TN:
SF:/home/mateo/Documentos/avanzado node js/platziverse/platziverse-db/index.js
FN:10,(anonymous_0)
FNF:1
FNH:1
FNDA:9,(anonymous_0)
DA:3,9
DA:5,9
DA:6,9
DA:7,9
DA:8,9
DA:10,9
DA:11,9
DA:23,9
DA:24,9
DA:25,9
DA:27,9
DA:28,9
DA:30,9
DA:32,9
DA:33,0
DA:36,9
DA:37,9
DA:39,9
LF:18
LH:17
BRDA:32,0,0,0
BRDA:32,0,1,9
BRF:2
BRH:1
end_of_record
TN:
SF:/home/mateo/Documentos/avanzado node js/platziverse/platziverse-db/lib/agent.js
FN:3,setupAgent
FN:4,createOrUpdate
FN:23,findById
FN:27,findByUuid
FN:35,findAll
FN:39,findConnected
FN:47,findByUsername
FNF:7
FNH:7
FNDA:9,setupAgent
FNDA:2,createOrUpdate
FNDA:1,findById
FNDA:1,findByUuid
FNDA:1,findAll
FNDA:1,findConnected
FNDA:1,findByUsername
DA:3,1
DA:5,2
DA:11,2
DA:13,2
DA:14,1
DA:15,1
DA:18,1
DA:19,1
DA:24,1
DA:28,1
DA:36,1
DA:40,1
DA:48,1
DA:56,9
LF:14
LH:14
BRDA:13,0,0,1
BRDA:13,0,1,1
BRDA:15,1,0,1
BRDA:15,1,1,0
BRF:4
BRH:3
end_of_record
TN:
SF:/home/mateo/Documentos/avanzado node js/platziverse/platziverse-db/lib/db.js
FN:7,setupDatabase
FNF:1
FNH:1
FNDA:9,setupDatabase
DA:3,1
DA:4,1
DA:5,1
DA:7,1
DA:8,9
DA:9,1
DA:10,1
DA:12,9
LF:8
LH:8
BRDA:8,0,0,1
BRDA:8,0,1,8
BRF:2
BRH:2
end_of_record
TN:
SF:/home/mateo/Documentos/avanzado node js/platziverse/platziverse-db/models/agent.js
FN:6,setupAgentModel
FNF:1
FNH:0
FNDA:0,setupAgentModel
DA:3,1
DA:4,1
DA:6,1
DA:7,0
DA:9,0
LF:5
LH:3
BRF:0
BRH:0
end_of_record
TN:
SF:/home/mateo/Documentos/avanzado node js/platziverse/platziverse-db/models/metric.js
FN:6,setupMetricModel
FNF:1
FNH:0
FNDA:0,setupMetricModel
DA:3,1
DA:4,1
DA:6,1
DA:7,0
DA:9,0
LF:5
LH:3
BRF:0
BRH:0
end_of_record
TN:
SF:/home/mateo/Documentos/avanzado node js/platziverse/platziverse-db/tests/agent-tests.js
FN:4,(anonymous_0)
FN:4,PowerAssertRecorder
FN:4,_capt
FN:4,_expr
FN:13,(anonymous_4)
FN:55,(anonymous_5)
FN:82,(anonymous_6)
FN:88,(anonymous_7)
FN:89,(anonymous_8)
FN:95,(anonymous_9)
FN:99,(anonymous_10)
FN:112,(anonymous_11)
FN:152,(anonymous_12)
FN:190,(anonymous_13)
FN:228,(anonymous_14)
FN:267,(anonymous_15)
FN:306,(anonymous_16)
FN:345,(anonymous_17)
FN:413,(anonymous_18)
FNF:19
FNH:19
FNDA:1,(anonymous_0)
FNDA:32,PowerAssertRecorder
FNDA:108,_capt
FNDA:32,_expr
FNDA:9,(anonymous_4)
FNDA:9,(anonymous_5)
FNDA:1,(anonymous_6)
FNDA:9,(anonymous_7)
FNDA:9,(anonymous_8)
FNDA:9,(anonymous_9)
FNDA:1,(anonymous_10)
FNDA:1,(anonymous_11)
FNDA:1,(anonymous_12)
FNDA:1,(anonymous_13)
FNDA:1,(anonymous_14)
FNDA:1,(anonymous_15)
FNDA:1,(anonymous_16)
FNDA:1,(anonymous_17)
FNDA:1,(anonymous_18)
DA:3,1
DA:4,108
DA:6,1
DA:7,1
DA:8,1
DA:10,1
DA:12,1
DA:16,1
DA:20,1
DA:21,1
DA:22,1
DA:23,1
DA:24,1
DA:25,1
DA:27,1
DA:33,1
DA:39,1
DA:46,1
DA:55,1
DA:56,9
DA:58,9
DA:62,9
DA:63,9
DA:66,9
DA:67,9
DA:70,9
DA:71,9
DA:74,9
DA:75,9
DA:76,9
DA:77,9
DA:80,9
DA:81,9
DA:83,1
DA:87,9
DA:88,9
DA:89,9
DA:92,9
DA:95,1
DA:96,9
DA:99,1
DA:100,1
DA:102,1
DA:112,1
DA:113,1
DA:114,1
DA:115,1
DA:116,1
DA:118,1
DA:126,1
DA:134,1
DA:142,1
DA:152,1
DA:153,1
DA:154,1
DA:155,1
DA:157,1
DA:159,1
DA:168,1
DA:177,1
DA:187,1
DA:190,1
DA:191,1
DA:192,1
DA:193,1
DA:195,1
DA:197,1
DA:206,1
DA:215,1
DA:225,1
DA:228,1
DA:229,1
DA:230,1
DA:231,1
DA:233,1
DA:235,1
DA:244,1
DA:253,1
DA:263,1
DA:264,1
DA:267,1
DA:268,1
DA:269,1
DA:270,1
DA:272,1
DA:274,1
DA:283,1
DA:292,1
DA:302,1
DA:303,1
DA:306,1
DA:307,1
DA:308,1
DA:309,1
DA:311,1
DA:313,1
DA:322,1
DA:331,1
DA:341,1
DA:342,1
DA:345,1
DA:346,1
DA:347,1
DA:348,1
DA:349,1
DA:350,1
DA:351,1
DA:353,1
DA:355,1
DA:364,1
DA:373,1
DA:382,1
DA:391,1
DA:400,1
DA:410,1
DA:413,1
DA:414,1
DA:415,1
DA:416,1
DA:417,1
DA:418,1
DA:419,1
DA:421,1
DA:423,1
DA:432,1
DA:441,1
DA:452,1
DA:461,1
DA:470,1
DA:480,1
LF:130
LH:130
BRDA:96,0,0,9
BRDA:96,0,1,9
BRF:2
BRH:2
end_of_record
TN:
SF:/home/mateo/Documentos/avanzado node js/platziverse/platziverse-db/tests/metric-tests.js
FN:10,(anonymous_0)
FNF:1
FNH:0
FNDA:0,(anonymous_0)
DA:3,1
DA:4,1
DA:5,1
DA:7,1
DA:9,0
DA:13,0
LF:6
LH:4
BRF:0
BRH:0
end_of_record
TN:
SF:/home/mateo/Documentos/avanzado node js/platziverse/platziverse-db/tests/fixtures/agent.js
FN:22,extend
FN:30,(anonymous_1)
FN:31,(anonymous_2)
FN:32,(anonymous_3)
FN:32,(anonymous_4)
FN:33,(anonymous_5)
FN:33,(anonymous_6)
FNF:7
FNH:7
FNDA:3,extend
FNDA:4,(anonymous_1)
FNDA:4,(anonymous_2)
FNDA:10,(anonymous_3)
FNDA:40,(anonymous_4)
FNDA:10,(anonymous_5)
FNDA:40,(anonymous_6)
DA:3,1
DA:15,1
DA:23,3
DA:24,3
DA:27,1
DA:30,4
DA:31,4
DA:32,40
DA:33,40
LF:9
LH:9
BRF:0
BRH:0
end_of_record
