TN:
SF:/home/mateo/Documentos/avanzado node js/platziverse/platziverse-db/index.js
FN:10,(anonymous_0)
FNF:1
FNH:1
FNDA:8,(anonymous_0)
DA:3,8
DA:5,8
DA:6,8
DA:7,8
DA:8,8
DA:10,8
DA:11,8
DA:23,8
DA:24,8
DA:25,8
DA:27,8
DA:28,8
DA:30,8
DA:32,8
DA:33,0
DA:36,8
DA:37,8
DA:39,8
LF:18
LH:17
BRDA:32,0,0,0
BRDA:32,0,1,8
BRF:2
BRH:1
end_of_record
TN:
SF:/home/mateo/Documentos/avanzado node js/platziverse/platziverse-db/lib/agent.js
FN:3,setupAgent
FN:4,createOrUpdate
FN:23,findById
FN:27,findByUuid
FN:35,findAll
FN:39,findConnected
FN:47,findByUsername
FNF:7
FNH:7
FNDA:8,setupAgent
FNDA:1,createOrUpdate
FNDA:1,findById
FNDA:1,findByUuid
FNDA:1,findAll
FNDA:1,findConnected
FNDA:1,findByUsername
DA:3,1
DA:5,1
DA:11,1
DA:13,1
DA:14,1
DA:15,1
DA:18,0
DA:19,0
DA:24,1
DA:28,1
DA:36,1
DA:40,1
DA:48,1
DA:56,8
LF:14
LH:12
BRDA:13,0,0,1
BRDA:13,0,1,0
BRDA:15,1,0,1
BRDA:15,1,1,0
BRF:4
BRH:2
end_of_record
TN:
SF:/home/mateo/Documentos/avanzado node js/platziverse/platziverse-db/lib/db.js
FN:7,setupDatabase
FNF:1
FNH:1
FNDA:8,setupDatabase
DA:3,1
DA:4,1
DA:5,1
DA:7,1
DA:8,8
DA:9,1
DA:10,1
DA:12,8
LF:8
LH:8
BRDA:8,0,0,1
BRDA:8,0,1,7
BRF:2
BRH:2
end_of_record
TN:
SF:/home/mateo/Documentos/avanzado node js/platziverse/platziverse-db/models/agent.js
FN:6,setupAgentModel
FNF:1
FNH:0
FNDA:0,setupAgentModel
DA:3,1
DA:4,1
DA:6,1
DA:7,0
DA:9,0
LF:5
LH:3
BRF:0
BRH:0
end_of_record
TN:
SF:/home/mateo/Documentos/avanzado node js/platziverse/platziverse-db/models/metric.js
FN:6,setupMetricModel
FNF:1
FNH:0
FNDA:0,setupMetricModel
DA:3,1
DA:4,1
DA:6,1
DA:7,0
DA:9,0
LF:5
LH:3
BRF:0
BRH:0
end_of_record
TN:
SF:/home/mateo/Documentos/avanzado node js/platziverse/platziverse-db/tests/agent-tests.js
FN:4,(anonymous_0)
FN:4,PowerAssertRecorder
FN:4,_capt
FN:4,_expr
FN:13,(anonymous_4)
FN:46,(anonymous_5)
FN:71,(anonymous_6)
FN:72,(anonymous_7)
FN:78,(anonymous_8)
FN:82,(anonymous_9)
FN:95,(anonymous_10)
FN:135,(anonymous_11)
FN:173,(anonymous_12)
FN:211,(anonymous_13)
FN:227,(anonymous_14)
FN:266,(anonymous_15)
FN:305,(anonymous_16)
FNF:17
FNH:17
FNDA:1,(anonymous_0)
FNDA:19,PowerAssertRecorder
FNDA:60,_capt
FNDA:19,_expr
FNDA:8,(anonymous_4)
FNDA:8,(anonymous_5)
FNDA:8,(anonymous_6)
FNDA:8,(anonymous_7)
FNDA:8,(anonymous_8)
FNDA:1,(anonymous_9)
FNDA:1,(anonymous_10)
FNDA:1,(anonymous_11)
FNDA:1,(anonymous_12)
FNDA:1,(anonymous_13)
FNDA:1,(anonymous_14)
FNDA:1,(anonymous_15)
FNDA:1,(anonymous_16)
DA:3,1
DA:4,60
DA:6,1
DA:7,1
DA:8,1
DA:10,1
DA:12,1
DA:16,1
DA:20,1
DA:21,1
DA:22,1
DA:23,1
DA:24,1
DA:25,1
DA:27,1
DA:33,1
DA:39,1
DA:46,1
DA:47,8
DA:49,8
DA:53,8
DA:54,8
DA:57,8
DA:58,8
DA:61,8
DA:62,8
DA:65,8
DA:66,8
DA:67,8
DA:68,8
DA:70,8
DA:71,8
DA:72,8
DA:75,8
DA:78,1
DA:79,8
DA:82,1
DA:83,1
DA:85,1
DA:95,1
DA:96,1
DA:97,1
DA:98,1
DA:99,1
DA:101,1
DA:109,1
DA:117,1
DA:125,1
DA:135,1
DA:136,1
DA:137,1
DA:138,1
DA:140,1
DA:142,1
DA:151,1
DA:160,1
DA:170,1
DA:173,1
DA:174,1
DA:175,1
DA:176,1
DA:178,1
DA:180,1
DA:189,1
DA:198,1
DA:208,1
DA:211,1
DA:212,1
DA:214,1
DA:216,1
DA:227,1
DA:228,1
DA:229,1
DA:230,1
DA:232,1
DA:234,1
DA:243,1
DA:252,1
DA:262,1
DA:263,1
DA:266,1
DA:267,1
DA:268,1
DA:269,1
DA:271,1
DA:273,1
DA:282,1
DA:291,1
DA:301,1
DA:302,1
DA:305,1
DA:306,1
DA:308,1
DA:310,1
LF:94
LH:94
BRDA:79,0,0,8
BRDA:79,0,1,8
BRF:2
BRH:2
end_of_record
TN:
SF:/home/mateo/Documentos/avanzado node js/platziverse/platziverse-db/tests/fixtures/agent.js
FN:22,extend
FN:30,(anonymous_1)
FN:31,(anonymous_2)
FN:32,(anonymous_3)
FN:32,(anonymous_4)
FN:33,(anonymous_5)
FN:33,(anonymous_6)
FNF:7
FNH:7
FNDA:3,extend
FNDA:4,(anonymous_1)
FNDA:4,(anonymous_2)
FNDA:8,(anonymous_3)
FNDA:32,(anonymous_4)
FNDA:9,(anonymous_5)
FNDA:36,(anonymous_6)
DA:3,1
DA:15,1
DA:23,3
DA:24,3
DA:27,1
DA:30,4
DA:31,4
DA:32,32
DA:33,36
LF:9
LH:9
BRF:0
BRH:0
end_of_record
